<?xml version="1.0" encoding="UTF-8"?>
<!-- Generated by org.testng.reporters.JUnitXMLReporter -->
<testsuite ignored="3" hostname="DESKTOP-D2RIFVR" failures="0" tests="1" name="Chrome Test" time="12.879" errors="0" timestamp="2026-02-20T00:23:56 AEDT">
  <testcase classname="testscripts.LoginTest" name="verifyUserLoginWithValidCredentials" time="4.329"/>
  <testcase classname="testscripts.LoginTest" name="verifyUserLoginWithInvalidCredentials" time="0.0">
    <ignored/>
  </testcase> <!-- verifyUserLoginWithInvalidCredentials -->
  <testcase classname="testscripts.LoginTest" name="verifyUserLoginWithInvalidUserNameAndValidPassword" time="0.0">
    <ignored/>
  </testcase> <!-- verifyUserLoginWithInvalidUserNameAndValidPassword -->
  <testcase classname="testscripts.LoginTest" name="verifyUserLoginWithValidUserNameAndInvalidPassword" time="0.0">
    <ignored/>
  </testcase> <!-- verifyUserLoginWithValidUserNameAndInvalidPassword -->
</testsuite> <!-- Chrome Test -->
