<?xml version="1.0" encoding="UTF-8"?>
<!-- Generated by org.testng.reporters.JUnitXMLReporter -->
<testsuite ignored="3" hostname="DESKTOP-V3JTD9C" failures="0" tests="1" name="Edge Test" time="45.146" errors="0" timestamp="2026-03-04T19:10:08 AEDT">
  <testcase classname="testscripts.LoginTest" name="verifyUserLoginWithValidCredentials" time="2.782"/>
  <testcase classname="testscripts.LoginTest" name="verifyUserLoginWithValidUserNameAndInvalidPassword" time="0.0">
    <ignored/>
  </testcase> <!-- verifyUserLoginWithValidUserNameAndInvalidPassword -->
  <testcase classname="testscripts.LoginTest" name="verifyUserLoginWithInvalidCredentials" time="0.0">
    <ignored/>
  </testcase> <!-- verifyUserLoginWithInvalidCredentials -->
  <testcase classname="testscripts.LoginTest" name="verifyUserLoginWithInvalidUserNameAndValidPassword" time="0.0">
    <ignored/>
  </testcase> <!-- verifyUserLoginWithInvalidUserNameAndValidPassword -->
</testsuite> <!-- Edge Test -->
