<?xml version="1.0" encoding="UTF-8"?>
<testng-results ignored="0" total="4" passed="4" failed="0" skipped="0">
  <reporter-output>
  </reporter-output>
  <suite started-at="2026-03-05T01:51:37 AEDT" name="Suite" finished-at="2026-03-05T01:52:10 AEDT" duration-ms="33089">
    <groups>
      <group name="smoke">
        <method signature="LoginTest.verifyUserLoginWithValidCredentials()[pri:1, instance:testscripts.LoginTest@169bb4dd]" name="verifyUserLoginWithValidCredentials" class="testscripts.LoginTest"/>
      </group> <!-- smoke -->
    </groups>
    <test started-at="2026-03-05T01:51:37 AEDT" name="Test" finished-at="2026-03-05T01:52:10 AEDT" duration-ms="33089">
      <class name="testscripts.LoginTest">
        <test-method is-config="true" signature="browserLaunch(java.lang.String)[pri:0, instance:testscripts.LoginTest@169bb4dd]" started-at="2026-03-05T01:51:37 AEDT" name="browserLaunch" finished-at="2026-03-05T01:51:44 AEDT" duration-ms="6416" status="PASS">
          <params>
            <param index="0">
              <value>
                <![CDATA[chrome]]>
              </value>
            </param>
          </params>
          <reporter-output>
          </reporter-output>
        </test-method> <!-- browserLaunch -->
        <test-method signature="verifyUserLoginWithValidCredentials()[pri:1, instance:testscripts.LoginTest@169bb4dd]" started-at="2026-03-05T01:51:44 AEDT" name="verifyUserLoginWithValidCredentials" description="Validating User Login With Valid Credentials" finished-at="2026-03-05T01:51:47 AEDT" duration-ms="3918" status="PASS">
          <reporter-output>
          </reporter-output>
        </test-method> <!-- verifyUserLoginWithValidCredentials -->
        <test-method is-config="true" signature="driverQuit(org.testng.ITestResult)[pri:0, instance:testscripts.LoginTest@169bb4dd]" started-at="2026-03-05T01:51:47 AEDT" name="driverQuit" finished-at="2026-03-05T01:51:48 AEDT" duration-ms="354" status="PASS">
          <params>
            <param index="0">
              <value>
                <![CDATA[[TestResult name=verifyUserLoginWithValidCredentials status=SUCCESS method=LoginTest.verifyUserLoginWithValidCredentials()[pri:1, instance:testscripts.LoginTest@169bb4dd] output={null}]]]>
              </value>
            </param>
          </params>
          <reporter-output>
          </reporter-output>
        </test-method> <!-- driverQuit -->
        <test-method is-config="true" signature="browserLaunch(java.lang.String)[pri:0, instance:testscripts.LoginTest@169bb4dd]" started-at="2026-03-05T01:51:48 AEDT" name="browserLaunch" finished-at="2026-03-05T01:51:52 AEDT" duration-ms="4121" status="PASS">
          <params>
            <param index="0">
              <value>
                <![CDATA[chrome]]>
              </value>
            </param>
          </params>
          <reporter-output>
          </reporter-output>
        </test-method> <!-- browserLaunch -->
        <test-method signature="verifyUserLoginWithValidUserNameAndInvalidPassword()[pri:2, instance:testscripts.LoginTest@169bb4dd]" started-at="2026-03-05T01:51:52 AEDT" name="verifyUserLoginWithValidUserNameAndInvalidPassword" description="Validating User Login With Valid Username &amp; Invalid Password" finished-at="2026-03-05T01:51:53 AEDT" duration-ms="1253" status="PASS">
          <reporter-output>
          </reporter-output>
        </test-method> <!-- verifyUserLoginWithValidUserNameAndInvalidPassword -->
        <test-method is-config="true" signature="driverQuit(org.testng.ITestResult)[pri:0, instance:testscripts.LoginTest@169bb4dd]" started-at="2026-03-05T01:51:53 AEDT" name="driverQuit" finished-at="2026-03-05T01:51:54 AEDT" duration-ms="345" status="PASS">
          <params>
            <param index="0">
              <value>
                <![CDATA[[TestResult name=verifyUserLoginWithValidUserNameAndInvalidPassword status=SUCCESS method=LoginTest.verifyUserLoginWithValidUserNameAndInvalidPassword()[pri:2, instance:testscripts.LoginTest@169bb4dd] output={null}]]]>
              </value>
            </param>
          </params>
          <reporter-output>
          </reporter-output>
        </test-method> <!-- driverQuit -->
        <test-method is-config="true" signature="browserLaunch(java.lang.String)[pri:0, instance:testscripts.LoginTest@169bb4dd]" started-at="2026-03-05T01:51:54 AEDT" name="browserLaunch" finished-at="2026-03-05T01:51:58 AEDT" duration-ms="4120" status="PASS">
          <params>
            <param index="0">
              <value>
                <![CDATA[chrome]]>
              </value>
            </param>
          </params>
          <reporter-output>
          </reporter-output>
        </test-method> <!-- browserLaunch -->
        <test-method signature="verifyUserLoginWithInvalidUserNameAndValidPassword()[pri:3, instance:testscripts.LoginTest@169bb4dd]" started-at="2026-03-05T01:51:58 AEDT" name="verifyUserLoginWithInvalidUserNameAndValidPassword" description="Validating User Login With Invalid Username &amp; Valid Password" finished-at="2026-03-05T01:51:59 AEDT" duration-ms="1541" status="PASS">
          <reporter-output>
          </reporter-output>
        </test-method> <!-- verifyUserLoginWithInvalidUserNameAndValidPassword -->
        <test-method is-config="true" signature="driverQuit(org.testng.ITestResult)[pri:0, instance:testscripts.LoginTest@169bb4dd]" started-at="2026-03-05T01:51:59 AEDT" name="driverQuit" finished-at="2026-03-05T01:52:00 AEDT" duration-ms="321" status="PASS">
          <params>
            <param index="0">
              <value>
                <![CDATA[[TestResult name=verifyUserLoginWithInvalidUserNameAndValidPassword status=SUCCESS method=LoginTest.verifyUserLoginWithInvalidUserNameAndValidPassword()[pri:3, instance:testscripts.LoginTest@169bb4dd] output={null}]]]>
              </value>
            </param>
          </params>
          <reporter-output>
          </reporter-output>
        </test-method> <!-- driverQuit -->
        <test-method is-config="true" signature="browserLaunch(java.lang.String)[pri:0, instance:testscripts.LoginTest@169bb4dd]" started-at="2026-03-05T01:52:00 AEDT" name="browserLaunch" finished-at="2026-03-05T01:52:04 AEDT" duration-ms="4184" status="PASS">
          <params>
            <param index="0">
              <value>
                <![CDATA[chrome]]>
              </value>
            </param>
          </params>
          <reporter-output>
          </reporter-output>
        </test-method> <!-- browserLaunch -->
        <test-method signature="verifyUserLoginWithInvalidCredentials()[pri:4, instance:testscripts.LoginTest@169bb4dd]" started-at="2026-03-05T01:52:04 AEDT" name="verifyUserLoginWithInvalidCredentials" description="Validating User Login With Invalid Credentials" finished-at="2026-03-05T01:52:10 AEDT" duration-ms="5897" status="PASS">
          <reporter-output>
          </reporter-output>
        </test-method> <!-- verifyUserLoginWithInvalidCredentials -->
        <test-method is-config="true" signature="driverQuit(org.testng.ITestResult)[pri:0, instance:testscripts.LoginTest@169bb4dd]" started-at="2026-03-05T01:52:10 AEDT" name="driverQuit" finished-at="2026-03-05T01:52:10 AEDT" duration-ms="475" status="PASS">
          <params>
            <param index="0">
              <value>
                <![CDATA[[TestResult name=verifyUserLoginWithInvalidCredentials status=SUCCESS method=LoginTest.verifyUserLoginWithInvalidCredentials()[pri:4, instance:testscripts.LoginTest@169bb4dd] output={null}]]]>
              </value>
            </param>
          </params>
          <reporter-output>
          </reporter-output>
        </test-method> <!-- driverQuit -->
      </class> <!-- testscripts.LoginTest -->
    </test> <!-- Test -->
  </suite> <!-- Suite -->
</testng-results>
