<?xml version="1.0" encoding="UTF-8"?>
<!-- Generated by org.testng.reporters.JUnitXMLReporter -->
<testsuite ignored="0" hostname="DESKTOP-V3JTD9C" failures="0" tests="5" name="Test1" time="55.738" errors="0" timestamp="2026-03-09T23:05:32 AEDT">
  <testcase classname="testscripts.LoginTest" name="verifyUserLoginWithValidCredentials" time="6.514"/>
  <testcase classname="testscripts.LoginTest" name="verifyUserLoginWithValidUserNameAndInvalidPassword" time="1.61"/>
  <testcase classname="testscripts.LoginTest" name="verifyUserLoginWithInvalidUserNameAndValidPassword" time="1.41"/>
  <testcase classname="testscripts.LoginTest" name="verifyUserLoginWithInvalidCredentials" time="6.314"/>
  <testcase classname="testscripts.LoginTest" name="verifyUserLoginWithInvalidCredentials" time="6.219"/>
</testsuite> <!-- Test1 -->
