<?xml version="1.0" encoding="UTF-8"?>
<!-- Generated by org.testng.reporters.JUnitReportReporter -->
<testsuite hostname="DESKTOP-D2RIFVR" failures="0" tests="3" name="testscripts.ManageNewsTest" time="26.270" errors="0" timestamp="2026-02-13T11:40:36 IST" skipped="0">
  <testcase classname="testscripts.ManageNewsTest" name="verifyTheUserIsAbleToResetNews" time="8.667"/>
  <testcase classname="testscripts.ManageNewsTest" name="verifyTheUserIsAbleToSearchNews" time="7.991"/>
  <testcase classname="testscripts.ManageNewsTest" name="verifyWheTherUserIsAbleToAddNewNews" time="9.612"/>
</testsuite> <!-- testscripts.ManageNewsTest -->
