<?xml version="1.0" encoding="UTF-8"?>
<!-- Generated by org.testng.reporters.JUnitReportReporter -->
<testsuite hostname="DESKTOP-V3JTD9C" failures="0" tests="4" name="testscripts.LoginTest" time="32.945" errors="0" timestamp="2026-03-05T01:52:11 AEDT" skipped="0">
  <testcase classname="testscripts.LoginTest" name="verifyUserLoginWithValidCredentials" time="10.809"/>
  <testcase classname="testscripts.LoginTest" name="verifyUserLoginWithValidUserNameAndInvalidPassword" time="5.727"/>
  <testcase classname="testscripts.LoginTest" name="verifyUserLoginWithInvalidUserNameAndValidPassword" time="5.983"/>
  <testcase classname="testscripts.LoginTest" name="verifyUserLoginWithInvalidCredentials" time="10.426"/>
</testsuite> <!-- testscripts.LoginTest -->
