<?xml version="1.0" encoding="UTF-8"?>
<!-- Generated by org.testng.reporters.JUnitReportReporter -->
<testsuite hostname="DESKTOP-V3JTD9C" failures="0" tests="3" name="testscripts.AdminUserTest" time="42.809" errors="0" timestamp="2026-03-05T00:33:35 AEDT" skipped="0">
  <testcase classname="testscripts.AdminUserTest" name="verifyUserCanAddNewAdminUser" time="16.740"/>
  <testcase classname="testscripts.AdminUserTest" name="verifyUserCanSearchAdminUserByUsernameAndUserType" time="12.397"/>
  <testcase classname="testscripts.AdminUserTest" name="verifyUserCanRefreshAdminUserList" time="13.672"/>
</testsuite> <!-- testscripts.AdminUserTest -->
