<?xml version="1.0" encoding="UTF-8"?>
<!-- Generated by org.testng.reporters.JUnitReportReporter -->
<testsuite hostname="DESKTOP-V3JTD9C" failures="0" tests="3" name="testscripts.ManageNewsTest" time="60.177" errors="0" timestamp="2026-03-05T01:06:59 AEDT" skipped="0">
  <testcase classname="testscripts.ManageNewsTest" name="searchForExistingNewsItems" time="9.131"/>
  <testcase classname="testscripts.ManageNewsTest" name="createNewNewsItem" time="19.184"/>
  <testcase classname="testscripts.ManageNewsTest" name="refreshTheNewsListingPage" time="31.862"/>
</testsuite> <!-- testscripts.ManageNewsTest -->
